@storybook/cli v7.1.0

info => Cleaning outputDir: /var/folders/2n/050cmr0j4gv3h_2mv2vzv0600000gn/T/chromatic--79165-wxYW65I3B5hr
info => Loading presets
info => Building manager..
info => Manager built (110 ms)
info => Copying static files: /Users/jeong-useog/Desktop/learnstorybook-design-system/node_modules/@storybook/manager/static at /var/folders/2n/050cmr0j4gv3h_2mv2vzv0600000gn/T/chromatic--79165-wxYW65I3B5hr/sb-common-assets
WARN No story files found for the specified pattern: src/**/*.mdx
vite v4.3.9 building for production...

./sb-common-assets/fonts.css doesn't exist at build time, it will remain unchanged to be resolved at runtime
transforming...
[plugin:vite:resolve] Module "path" has been externalized for browser compatibility, imported by "/Users/jeong-useog/Desktop/learnstorybook-design-system/node_modules/jest-util/build/requireOrImportModule.js". See http://vitejs.dev/guide/troubleshooting.html#module-externalized-for-browser-compatibility for more details.
[plugin:vite:resolve] Module "url" has been externalized for browser compatibility, imported by "/Users/jeong-useog/Desktop/learnstorybook-design-system/node_modules/jest-util/build/requireOrImportModule.js". See http://vitejs.dev/guide/troubleshooting.html#module-externalized-for-browser-compatibility for more details.
[plugin:vite:resolve] Module "fs" has been externalized for browser compatibility, imported by "/Users/jeong-useog/Desktop/learnstorybook-design-system/node_modules/graceful-fs/graceful-fs.js". See http://vitejs.dev/guide/troubleshooting.html#module-externalized-for-browser-compatibility for more details.
[plugin:vite:resolve] Module "constants" has been externalized for browser compatibility, imported by "/Users/jeong-useog/Desktop/learnstorybook-design-system/node_modules/graceful-fs/polyfills.js". See http://vitejs.dev/guide/troubleshooting.html#module-externalized-for-browser-compatibility for more details.
[plugin:vite:resolve] Module "stream" has been externalized for browser compatibility, imported by "/Users/jeong-useog/Desktop/learnstorybook-design-system/node_modules/graceful-fs/legacy-streams.js". See http://vitejs.dev/guide/troubleshooting.html#module-externalized-for-browser-compatibility for more details.
[plugin:vite:resolve] Module "path" has been externalized for browser compatibility, imported by "/Users/jeong-useog/Desktop/learnstorybook-design-system/node_modules/picomatch/lib/picomatch.js". See http://vitejs.dev/guide/troubleshooting.html#module-externalized-for-browser-compatibility for more details.
[plugin:vite:resolve] Module "path" has been externalized for browser compatibility, imported by "/Users/jeong-useog/Desktop/learnstorybook-design-system/node_modules/picomatch/lib/utils.js". See http://vitejs.dev/guide/troubleshooting.html#module-externalized-for-browser-compatibility for more details.
[plugin:vite:resolve] Module "path" has been externalized for browser compatibility, imported by "/Users/jeong-useog/Desktop/learnstorybook-design-system/node_modules/picomatch/lib/constants.js". See http://vitejs.dev/guide/troubleshooting.html#module-externalized-for-browser-compatibility for more details.
node_modules/telejson/dist/index.mjs (1394:15) Use of eval in "node_modules/telejson/dist/index.mjs" is strongly discouraged as it poses security risks and may cause issues with minification.
node_modules/telejson/dist/index.mjs (1397:18) Use of eval in "node_modules/telejson/dist/index.mjs" is strongly discouraged as it poses security risks and may cause issues with minification.
✓ 708 modules transformed.
rendering chunks...
computing gzip size...
../../../../var/folders/2n/050cmr0j4gv3h_2mv2vzv0600000gn/T/chromatic--79165-wxYW65I3B5hr/iframe.html                                                                  12.71 kB │ gzip:   3.57 kB
../../../../var/folders/2n/050cmr0j4gv3h_2mv2vzv0600000gn/T/chromatic--79165-wxYW65I3B5hr/assets/assert-a1982797.js                                                     0.13 kB │ gzip:   0.14 kB │ map:     0.54 kB
../../../../var/folders/2n/050cmr0j4gv3h_2mv2vzv0600000gn/T/chromatic--79165-wxYW65I3B5hr/assets/index-d475d2ea.js                                                      0.21 kB │ gzip:   0.17 kB │ map:     0.85 kB
../../../../var/folders/2n/050cmr0j4gv3h_2mv2vzv0600000gn/T/chromatic--79165-wxYW65I3B5hr/assets/emotion-use-insertion-effect-with-fallbacks.browser.esm-16f43d9e.js    0.28 kB │ gzip:   0.23 kB │ map:     1.16 kB
../../../../var/folders/2n/050cmr0j4gv3h_2mv2vzv0600000gn/T/chromatic--79165-wxYW65I3B5hr/assets/extends-98964cd2.js                                                    0.29 kB │ gzip:   0.23 kB │ map:     1.01 kB
../../../../var/folders/2n/050cmr0j4gv3h_2mv2vzv0600000gn/T/chromatic--79165-wxYW65I3B5hr/assets/_commonjs-dynamic-modules-302442b1.js                                  0.30 kB │ gzip:   0.24 kB │ map:     0.12 kB
../../../../var/folders/2n/050cmr0j4gv3h_2mv2vzv0600000gn/T/chromatic--79165-wxYW65I3B5hr/assets/index-5d2faddc.js                                                      0.62 kB │ gzip:   0.38 kB │ map:     4.30 kB
../../../../var/folders/2n/050cmr0j4gv3h_2mv2vzv0600000gn/T/chromatic--79165-wxYW65I3B5hr/assets/preview-980d6faf.js                                                    0.63 kB │ gzip:   0.40 kB │ map:     2.34 kB
../../../../var/folders/2n/050cmr0j4gv3h_2mv2vzv0600000gn/T/chromatic--79165-wxYW65I3B5hr/assets/WithTooltip-I4CCNYWD-5323695b.js                                       0.67 kB │ gzip:   0.39 kB │ map:     0.11 kB
../../../../var/folders/2n/050cmr0j4gv3h_2mv2vzv0600000gn/T/chromatic--79165-wxYW65I3B5hr/assets/syntaxhighlighter-SIPZPD4I-6f2129e0.js                                 0.68 kB │ gzip:   0.41 kB │ map:     0.12 kB
../../../../var/folders/2n/050cmr0j4gv3h_2mv2vzv0600000gn/T/chromatic--79165-wxYW65I3B5hr/assets/preview-5ef354f3.js                                                    0.69 kB │ gzip:   0.49 kB │ map:     3.94 kB
../../../../var/folders/2n/050cmr0j4gv3h_2mv2vzv0600000gn/T/chromatic--79165-wxYW65I3B5hr/assets/preview-178861a8.js                                                    0.70 kB │ gzip:   0.44 kB │ map:     0.59 kB
../../../../var/folders/2n/050cmr0j4gv3h_2mv2vzv0600000gn/T/chromatic--79165-wxYW65I3B5hr/assets/_commonjsHelpers-042e6b4d.js                                           0.78 kB │ gzip:   0.44 kB │ map:     0.11 kB
../../../../var/folders/2n/050cmr0j4gv3h_2mv2vzv0600000gn/T/chromatic--79165-wxYW65I3B5hr/assets/index-356e4a49.js                                                      0.81 kB │ gzip:   0.51 kB │ map:     3.28 kB
../../../../var/folders/2n/050cmr0j4gv3h_2mv2vzv0600000gn/T/chromatic--79165-wxYW65I3B5hr/assets/index-1fc0ca9a.js                                                      0.84 kB │ gzip:   0.55 kB │ map:     4.15 kB
../../../../var/folders/2n/050cmr0j4gv3h_2mv2vzv0600000gn/T/chromatic--79165-wxYW65I3B5hr/assets/preview-b79ea209.js                                                    0.90 kB │ gzip:   0.60 kB │ map:     2.94 kB
../../../../var/folders/2n/050cmr0j4gv3h_2mv2vzv0600000gn/T/chromatic--79165-wxYW65I3B5hr/assets/StoryLinkWrapper-d77403ad.js                                           1.11 kB │ gzip:   0.52 kB │ map:     1.93 kB
../../../../var/folders/2n/050cmr0j4gv3h_2mv2vzv0600000gn/T/chromatic--79165-wxYW65I3B5hr/assets/animation-6c31d675.js                                                  1.24 kB │ gzip:   0.43 kB │ map:     2.19 kB
../../../../var/folders/2n/050cmr0j4gv3h_2mv2vzv0600000gn/T/chromatic--79165-wxYW65I3B5hr/assets/preview-f5c2607a.js                                                    1.82 kB │ gzip:   0.97 kB │ map:     3.71 kB
../../../../var/folders/2n/050cmr0j4gv3h_2mv2vzv0600000gn/T/chromatic--79165-wxYW65I3B5hr/assets/chunk-AY7I2SME-c7b6cf8a.js                                             1.88 kB │ gzip:   1.03 kB │ map:     8.92 kB
../../../../var/folders/2n/050cmr0j4gv3h_2mv2vzv0600000gn/T/chromatic--79165-wxYW65I3B5hr/assets/styles-712a09bd.js                                                     2.13 kB │ gzip:   1.20 kB │ map:    19.76 kB
../../../../var/folders/2n/050cmr0j4gv3h_2mv2vzv0600000gn/T/chromatic--79165-wxYW65I3B5hr/assets/index-d37d4223.js                                                      2.63 kB │ gzip:   1.30 kB │ map:     7.48 kB
../../../../var/folders/2n/050cmr0j4gv3h_2mv2vzv0600000gn/T/chromatic--79165-wxYW65I3B5hr/assets/Icon.stories-c6ae1537.js                                               3.22 kB │ gzip:   1.28 kB │ map:     0.14 kB
../../../../var/folders/2n/050cmr0j4gv3h_2mv2vzv0600000gn/T/chromatic--79165-wxYW65I3B5hr/assets/preview-770cc08b.js                                                    3.22 kB │ gzip:   1.39 kB │ map:    10.07 kB
../../../../var/folders/2n/050cmr0j4gv3h_2mv2vzv0600000gn/T/chromatic--79165-wxYW65I3B5hr/assets/Badge.stories-bc35d5a8.js                                              4.86 kB │ gzip:   1.60 kB │ map:     2.72 kB
../../../../var/folders/2n/050cmr0j4gv3h_2mv2vzv0600000gn/T/chromatic--79165-wxYW65I3B5hr/assets/iframe-2385be0f.js                                                     6.17 kB │ gzip:   1.87 kB │ map:     5.50 kB
../../../../var/folders/2n/050cmr0j4gv3h_2mv2vzv0600000gn/T/chromatic--79165-wxYW65I3B5hr/assets/Avatar.stories-bdaa2b12.js                                             6.87 kB │ gzip:   2.26 kB │ map:     5.92 kB
../../../../var/folders/2n/050cmr0j4gv3h_2mv2vzv0600000gn/T/chromatic--79165-wxYW65I3B5hr/assets/index-570b25c1.js                                                      7.21 kB │ gzip:   2.95 kB │ map:    15.73 kB
../../../../var/folders/2n/050cmr0j4gv3h_2mv2vzv0600000gn/T/chromatic--79165-wxYW65I3B5hr/assets/Link.stories-55e66b87.js                                               7.23 kB │ gzip:   2.30 kB │ map:     6.74 kB
../../../../var/folders/2n/050cmr0j4gv3h_2mv2vzv0600000gn/T/chromatic--79165-wxYW65I3B5hr/assets/preview-d8c963a4.js                                                    7.67 kB │ gzip:   1.60 kB │ map:    13.73 kB
../../../../var/folders/2n/050cmr0j4gv3h_2mv2vzv0600000gn/T/chromatic--79165-wxYW65I3B5hr/assets/preview-25cb0eda.js                                                    8.33 kB │ gzip:   3.21 kB │ map:    29.40 kB
../../../../var/folders/2n/050cmr0j4gv3h_2mv2vzv0600000gn/T/chromatic--79165-wxYW65I3B5hr/assets/polished.esm-ed3ce7df.js                                              10.73 kB │ gzip:   3.85 kB │ map:   149.40 kB
../../../../var/folders/2n/050cmr0j4gv3h_2mv2vzv0600000gn/T/chromatic--79165-wxYW65I3B5hr/assets/index-da07a199.js                                                     13.66 kB │ gzip:   5.12 kB │ map:    53.16 kB
../../../../var/folders/2n/050cmr0j4gv3h_2mv2vzv0600000gn/T/chromatic--79165-wxYW65I3B5hr/assets/GlobalScrollAreaStyles-DZEYMYDM-aa036e47.js                           15.27 kB │ gzip:   2.94 kB │ map:    21.44 kB
../../../../var/folders/2n/050cmr0j4gv3h_2mv2vzv0600000gn/T/chromatic--79165-wxYW65I3B5hr/assets/Color-6VNJS4EI-909cde66.js                                            17.86 kB │ gzip:   6.88 kB │ map:    59.58 kB
../../../../var/folders/2n/050cmr0j4gv3h_2mv2vzv0600000gn/T/chromatic--79165-wxYW65I3B5hr/assets/emotion-react-jsx-runtime.browser.esm-8d4d234d.js                     18.41 kB │ gzip:   7.37 kB │ map:   109.61 kB
../../../../var/folders/2n/050cmr0j4gv3h_2mv2vzv0600000gn/T/chromatic--79165-wxYW65I3B5hr/assets/Button.stories-55dc0e0d.js                                            22.44 kB │ gzip:   3.90 kB │ map:    15.80 kB
../../../../var/folders/2n/050cmr0j4gv3h_2mv2vzv0600000gn/T/chromatic--79165-wxYW65I3B5hr/assets/OverlayScrollbars-OGE3XJTA-05245135.js                                28.94 kB │ gzip:  14.21 kB │ map:   107.64 kB
../../../../var/folders/2n/050cmr0j4gv3h_2mv2vzv0600000gn/T/chromatic--79165-wxYW65I3B5hr/assets/preview-de7f6cb7.js                                                  109.96 kB │ gzip:  36.27 kB │ map:   399.42 kB
../../../../var/folders/2n/050cmr0j4gv3h_2mv2vzv0600000gn/T/chromatic--79165-wxYW65I3B5hr/assets/Icon-a8ca20d6.js                                                     140.20 kB │ gzip:  51.45 kB │ map:   155.02 kB
../../../../var/folders/2n/050cmr0j4gv3h_2mv2vzv0600000gn/T/chromatic--79165-wxYW65I3B5hr/assets/_getPrototype-55993009.js                                            213.01 kB │ gzip:  66.67 kB │ map:   655.34 kB
../../../../var/folders/2n/050cmr0j4gv3h_2mv2vzv0600000gn/T/chromatic--79165-wxYW65I3B5hr/assets/config-930b9a0a.js                                                   213.48 kB │ gzip:  66.36 kB │ map:   802.48 kB
../../../../var/folders/2n/050cmr0j4gv3h_2mv2vzv0600000gn/T/chromatic--79165-wxYW65I3B5hr/assets/DocsRenderer-3PUGWF3O-14961ceb.js                                    506.69 kB │ gzip: 166.66 kB │ map: 1,334.16 kB
../../../../var/folders/2n/050cmr0j4gv3h_2mv2vzv0600000gn/T/chromatic--79165-wxYW65I3B5hr/assets/formatter-OJ5LH2CX-4be05b4b.js                                       601.86 kB │ gzip: 185.16 kB │ map: 1,314.29 kB

(!) Some chunks are larger than 500 kBs after minification. Consider:
- Using dynamic import() to code-split the application
- Use build.rollupOptions.output.manualChunks to improve chunking: https://rollupjs.org/configuration-options/#output-manualchunks
- Adjust chunk size limit for this warning via build.chunkSizeWarningLimit.
✓ built in 4.66s
info => Output directory: /var/folders/2n/050cmr0j4gv3h_2mv2vzv0600000gn/T/chromatic--79165-wxYW65I3B5hr
